mode: set
mia/my_task_app/features/user/service/logic.go:18.65,23.2 1 1
mia/my_task_app/features/user/service/logic.go:26.91,27.17 1 0
mia/my_task_app/features/user/service/logic.go:27.17,29.3 1 0
mia/my_task_app/features/user/service/logic.go:29.8,29.27 1 0
mia/my_task_app/features/user/service/logic.go:29.27,31.3 1 0
mia/my_task_app/features/user/service/logic.go:33.2,34.16 2 0
mia/my_task_app/features/user/service/logic.go:34.16,37.3 2 0
mia/my_task_app/features/user/service/logic.go:38.2,39.20 2 0
mia/my_task_app/features/user/service/logic.go:39.20,41.3 1 0
mia/my_task_app/features/user/service/logic.go:42.2,43.16 2 0
mia/my_task_app/features/user/service/logic.go:43.16,46.3 2 0
mia/my_task_app/features/user/service/logic.go:47.2,47.30 1 0
mia/my_task_app/features/user/service/logic.go:51.69,53.24 2 1
mia/my_task_app/features/user/service/logic.go:53.24,55.3 1 0
mia/my_task_app/features/user/service/logic.go:56.2,57.16 2 1
mia/my_task_app/features/user/service/logic.go:57.16,59.3 1 0
mia/my_task_app/features/user/service/logic.go:60.2,60.20 1 1
mia/my_task_app/features/user/service/logic.go:65.57,67.16 2 0
mia/my_task_app/features/user/service/logic.go:67.16,69.3 1 0
mia/my_task_app/features/user/service/logic.go:70.2,70.20 1 0
mia/my_task_app/features/user/service/logic.go:74.67,76.16 2 0
mia/my_task_app/features/user/service/logic.go:76.16,78.3 1 0
mia/my_task_app/features/user/service/logic.go:79.2,79.20 1 0
mia/my_task_app/features/user/service/logic.go:83.77,85.16 2 0
mia/my_task_app/features/user/service/logic.go:85.16,87.3 1 0
mia/my_task_app/features/user/service/logic.go:88.2,88.12 1 0
mia/my_task_app/features/user/service/logic.go:92.53,94.16 2 0
mia/my_task_app/features/user/service/logic.go:94.16,96.3 1 0
mia/my_task_app/features/user/service/logic.go:97.2,97.12 1 0
